[debug] [2022-09-23T09:50:26.676Z] ----------------------------------------------------------------------
[debug] [2022-09-23T09:50:26.680Z] Command:       C:\Program Files\nodejs\node.exe C:\Users\user\AppData\Roaming\npm\node_modules\firebase-tools\lib\bin\firebase.js deploy
[debug] [2022-09-23T09:50:26.681Z] CLI Version:   11.9.0
[debug] [2022-09-23T09:50:26.682Z] Platform:      win32
[debug] [2022-09-23T09:50:26.682Z] Node Version:  v16.16.0
[debug] [2022-09-23T09:50:26.687Z] Time:          Fri Sep 23 2022 17:50:26 GMT+0800 (台北標準時間)
[debug] [2022-09-23T09:50:26.688Z] ----------------------------------------------------------------------
[debug] 
[debug] [2022-09-23T09:50:26.693Z] >>> [apiv2][query] GET https://firebase-public.firebaseio.com/cli.json [none]
[debug] [2022-09-23T09:50:26.764Z] > refreshing access token with scopes: []
[debug] [2022-09-23T09:50:26.765Z] >>> [apiv2][query] POST https://www.googleapis.com/oauth2/v3/token [none]
[debug] [2022-09-23T09:50:26.765Z] >>> [apiv2][body] POST https://www.googleapis.com/oauth2/v3/token [omitted]
[debug] [2022-09-23T09:50:26.952Z] <<< [apiv2][status] POST https://www.googleapis.com/oauth2/v3/token 200
[debug] [2022-09-23T09:50:26.952Z] <<< [apiv2][body] POST https://www.googleapis.com/oauth2/v3/token [omitted]
[debug] [2022-09-23T09:50:26.971Z] >>> [apiv2][query] GET https://firebase.googleapis.com/v1beta1/projects/undefined [none]
[debug] [2022-09-23T09:50:27.190Z] <<< [apiv2][status] GET https://firebase-public.firebaseio.com/cli.json 200
[debug] [2022-09-23T09:50:27.191Z] <<< [apiv2][body] GET https://firebase-public.firebaseio.com/cli.json {"cloudBuildErrorAfter":1594252800000,"cloudBuildWarnAfter":1590019200000,"defaultNode10After":1594252800000,"minVersion":"3.0.5","node8DeploysDisabledAfter":1613390400000,"node8RuntimeDisabledAfter":1615809600000,"node8WarnAfter":1600128000000}
[debug] [2022-09-23T09:50:27.237Z] <<< [apiv2][status] GET https://firebase.googleapis.com/v1beta1/projects/undefined 403
[debug] [2022-09-23T09:50:27.238Z] <<< [apiv2][body] GET https://firebase.googleapis.com/v1beta1/projects/undefined {"error":{"code":403,"message":"The caller does not have permission","status":"PERMISSION_DENIED"}}
[debug] [2022-09-23T09:50:27.240Z] HTTP Error: 403, The caller does not have permission
[debug] [2022-09-23T09:50:27.286Z] FirebaseError: HTTP Error: 403, The caller does not have permission
    at responseToError (C:\Users\user\AppData\Roaming\npm\node_modules\firebase-tools\lib\responseToError.js:49:12)
    at RetryOperation._fn (C:\Users\user\AppData\Roaming\npm\node_modules\firebase-tools\lib\apiv2.js:288:77)
    at processTicksAndRejections (node:internal/process/task_queues:96:5)
[error] 
[error] Error: Failed to get Firebase project undefined. Please make sure the project exists and your account has permission to access it.
